_____________________________________________________________________________
FR Family SOFTUNE Assembler V60L09            2011-08-17 21:57:37   Page:   1
- ASSEMBLE INFORMATION - ( init_func )

|             Command line         :  C:\Softune6\bin\fasm911s -f C:\DOKUME |
|                                     ~1\ADMINI~1\LOKALE~1\Temp\fcc6c8_2\fc |
|                                     c6c8_3.opt -o Y:\FlexRayDriver\Fujits |
|                                     u_MB91F465X\flexray_startup\Debug\OBJ |
|                                     \init_func.obj Y:\FlexRayDriver\Fujit |
|                                     su_MB91F465X\flexray_startup\Debug\LS |
|                                     T\init_func.asm                       |
|                                                                           |
|             Total errors         :    0                                   |
|             Total warnings       :    0                                   |
|                                       There were no errors.               |
|                                                                           |
|             Object file          :  Y:\FlexRayDriver\Fujitsu_MB91F465X\fl |
|                                     exray_startup\Debug\OBJ\init_func.obj |
|             List file            :  init_func.lst                         |
|                                                                           |
|                                                                           |
| NO NEST     SOURCE-FILE-NAME                     CREATE DATE/TIME         |
| -- -------- ------------------------------------ ------------------------ |
|  0          Y:\FlexRayDriver\Fujitsu_MB91F465X\f 2011-08-17 21:57:39      |
|             lexray_startup\Debug\LST\init_func.a                          |
|             sm                                                            |
| -- -------- ------------------------------------ ------------------------ |
|                                                                           |
|                                                                           |
|             Current path         :  Y:\FlexRayDriver\Fujitsu_MB91F465X\fl |
|                                     exray_startup                         |
|             Include path         :  INC911     = C:\Softune6\LIB\911\INCL |
|                                                  UDE\                     |
|             Work file path       :  TMP        =                          |
|             Default Option file  :  OPT911     = C:\Softune6\LIB\911\ (fa |
|                                                  sm911.opt)               |
|                                                                           |
|                                                                           |
| NO NEST     OPTION-FILE-NAME                     CREATE DATE/TIME         |
| -- -------- ------------------------------------ ------------------------ |
|  0          C:\Softune6\LIB\911\fasm911.opt      2001-11-19 21:10:00      |
|             ------------------------------------                          |
|             # FR Family Softune Assembler Defaul                          |
|             t Option File                                                 |
| -- -------- ------------------------------------ ------------------------ |
|  1          C:\DOKUME~1\ADMINI~1\LOKALE~1\Temp\f 2011-08-17 21:57:37      |
|             cc6c8_2\fcc6c8_3.opt                                          |
|             ------------------------------------                          |
|             "-g"                                                          |
|             "-cpu"                                                        |
|             "MB91F465X"                                                   |
|             "-XUDSW"                                                      |
|             "-lf"                                                         |
|             "init_func.lst"                                               |
| -- -------- ------------------------------------ ------------------------ |
|___________________________________________________________________________|


_____________________________________________________________________________
FR Family SOFTUNE Assembler V60L09            2011-08-17 21:57:37   Page:   2
- SOURCE LISTING - ( init_func )

SN LOC      OBJ                           LLINE           SOURCE

<Y:\FlexRayDriver\Fujitsu_MB91F465X\flexr
ay_startup\Debug\LST\init_func.asm>       ==========
                                                   1      //                                      F
                                                          R Family SOFTUNE cpcom V65L06
MODULE NAME = init_func                            2              .program        "init_func"
                                                   3              .library        "lib911.lib"
                                                   4              ._LANGUAGE      C_FR20, N, U, F
                                                   5              ._FILE  "Y:\FlexRayDriver\Fujitsu
                                                          _MB91F465X\flexray_startup\initial\init_f
                                                          unc.c", 0
                                                   6              ._FILE  "Y:\FlexRayDriver\Fujitsu
                                                          _MB91F465X\flexray_startup\initial\..\h_f
                                                          ile\led_def.h", 1
                                                   7              ._FILE  "Y:\FlexRayDriver\Fujitsu
                                                          _MB91F465X\flexray_startup\initial\..\IO_
                                                          MB91465X_V01L03\mb91f465x.h", 2
                                                   8              ._FILE  "Y:\FlexRayDriver\Fujitsu
                                                          _MB91F465X\flexray_startup\initial\..\IO_
                                                          MB91465X_V01L03\_fr.h", 3
                                                   9              ._BTYPE 0x80000001, 1
                                                  10              ._BTYPE 0x80000002, 1
                                                  11              ._BTYPE 0x80000003, 2
                                                  12              ._BTYPE 0x80000004, 2
                                                  13              ._BTYPE 0x80000005, 4
                                                  14              ._BTYPE 0x80000006, 4
                                                  15              ._BTYPE 0x80000007, 4
                                                  16              ._BTYPE 0x80000008, 4
                                                  17              ._BTYPE 0x80000009, 1
                                                  18              ._BTYPE 0x8000000a, 2
                                                  19              ._BTYPE 0x8000000b, 4
                                                  20              ._BTYPE 0x8000000c, 8
                                                  21              ._BTYPE 0x8000000d, 8
                                                  22              ._BTYPE 0x8000000e, 1
                                                  23              ._BTYPE 0x8000000f, 0
                                                  24              ._BTYPE 0x80000010, 8
                                                  25              ._BTYPE 0x80000011, 8
                                                  26              .global _IO_PDR14
                                                  27              .global _IO_PDR15
                                                  28              .global _IO_PDR16
                                                  29              .global _IO_PDR17
                                                  30              .global _IO_PDR18
                                                  31              .global _IO_PDR19
                                                  32              .global _IO_PDR22
                                                  33              .global _IO_PDR23
                                                  34              .global _IO_PDR24
                                                  35              .global _IO_PDR27
                                                  36              .global _IO_PDR28
                                                  37              .global _IO_PDR29
                                                  38              .global _IO_PDR31
                                                  39              .global _IO_EIRR0
                                                  40              .global _IO_ENIR0
                                                  41              .global _IO_ELVR0
                                                  42              .global _IO_EIRR1
                                                  43              .global _IO_ENIR1
_____________________________________________________________________________
FR Family SOFTUNE Assembler V60L09            2011-08-17 21:57:37   Page:   3
- SOURCE LISTING - ( init_func )

SN LOC      OBJ                           LLINE           SOURCE

                                                  44              .global _IO_ELVR1
                                                  45              .global _IO_DICR
                                                  46              .global _IO_HRCL
                                                  47              .global _IO_RBSYNC
                                                  48              .global _IO_SCR04
                                                  49              .global _IO_SMR04
                                                  50              .global _IO_SSR04
                                                  51              .global _IO_RDR04
                                                  52              .global _IO_ESCR04
                                                  53              .global _IO_ECCR04
                                                  54              .global _IO_FSR04
                                                  55              .global _IO_FCR04
                                                  56              .global _IO_SCR06
                                                  57              .global _IO_SMR06
                                                  58              .global _IO_SSR06
                                                  59              .global _IO_RDR06
                                                  60              .global _IO_ESCR06
                                                  61              .global _IO_ECCR06
                                                  62              .global _IO_FSR06
                                                  63              .global _IO_FCR06
                                                  64              .global _IO_SCR07
                                                  65              .global _IO_SMR07
                                                  66              .global _IO_SSR07
                                                  67              .global _IO_RDR07
                                                  68              .global _IO_ESCR07
                                                  69              .global _IO_ECCR07
                                                  70              .global _IO_FSR07
                                                  71              .global _IO_FCR07
                                                  72              .global _IO_BGR04
                                                  73              .global _IO_BGR06
                                                  74              .global _IO_BGR07
                                                  75              .global _IO_IIC0
                                                  76              .global _IO_GCN10
                                                  77              .global _IO_GCN20
                                                  78              .global _IO_GCN11
                                                  79              .global _IO_GCN21
                                                  80              .global _IO_GCN12
                                                  81              .global _IO_GCN22
                                                  82              .global _IO_PTMR00
                                                  83              .global _IO_PCSR00
                                                  84              .global _IO_PDUT00
                                                  85              .global _IO_PCN00
                                                  86              .global _IO_PTMR01
                                                  87              .global _IO_PCSR01
                                                  88              .global _IO_PDUT01
                                                  89              .global _IO_PCN01
                                                  90              .global _IO_PTMR02
                                                  91              .global _IO_PCSR02
                                                  92              .global _IO_PDUT02
                                                  93              .global _IO_PCN02
                                                  94              .global _IO_PTMR03
                                                  95              .global _IO_PCSR03
                                                  96              .global _IO_PDUT03
                                                  97              .global _IO_PCN03
_____________________________________________________________________________
FR Family SOFTUNE Assembler V60L09            2011-08-17 21:57:37   Page:   4
- SOURCE LISTING - ( init_func )

SN LOC      OBJ                           LLINE           SOURCE

                                                  98              .global _IO_PTMR04
                                                  99              .global _IO_PCSR04
                                                 100              .global _IO_PDUT04
                                                 101              .global _IO_PCN04
                                                 102              .global _IO_PTMR05
                                                 103              .global _IO_PCSR05
                                                 104              .global _IO_PDUT05
                                                 105              .global _IO_PCN05
                                                 106              .global _IO_PTMR06
                                                 107              .global _IO_PCSR06
                                                 108              .global _IO_PDUT06
                                                 109              .global _IO_PCN06
                                                 110              .global _IO_PTMR07
                                                 111              .global _IO_PCSR07
                                                 112              .global _IO_PDUT07
                                                 113              .global _IO_PCN07
                                                 114              .global _IO_PTMR08
                                                 115              .global _IO_PCSR08
                                                 116              .global _IO_PDUT08
                                                 117              .global _IO_PCN08
                                                 118              .global _IO_PTMR09
                                                 119              .global _IO_PCSR09
                                                 120              .global _IO_PDUT09
                                                 121              .global _IO_PCN09
                                                 122              .global _IO_PTMR10
                                                 123              .global _IO_PCSR10
                                                 124              .global _IO_PDUT10
                                                 125              .global _IO_PCN10
                                                 126              .global _IO_PTMR11
                                                 127              .global _IO_PCSR11
                                                 128              .global _IO_PDUT11
                                                 129              .global _IO_PCN11
                                                 130              .global _IO_ICS01
                                                 131              .global _IO_ICS23
                                                 132              .global _IO_IPCP0
                                                 133              .global _IO_IPCP1
                                                 134              .global _IO_IPCP2
                                                 135              .global _IO_IPCP3
                                                 136              .global _IO_OCS01
                                                 137              .global _IO_OCS23
                                                 138              .global _IO_OCCP0
                                                 139              .global _IO_OCCP1
                                                 140              .global _IO_OCCP2
                                                 141              .global _IO_OCCP3
                                                 142              .global _IO_AD
                                                 143              .global _IO_TMRLR0
                                                 144              .global _IO_TMR0
                                                 145              .global _IO_TMCSR0
                                                 146              .global _IO_TMRLR1
                                                 147              .global _IO_TMR1
                                                 148              .global _IO_TMCSR1
                                                 149              .global _IO_TMRLR2
                                                 150              .global _IO_TMR2
                                                 151              .global _IO_TMCSR2
_____________________________________________________________________________
FR Family SOFTUNE Assembler V60L09            2011-08-17 21:57:37   Page:   5
- SOURCE LISTING - ( init_func )

SN LOC      OBJ                           LLINE           SOURCE

                                                 152              .global _IO_TMRLR3
                                                 153              .global _IO_TMR3
                                                 154              .global _IO_TMCSR3
                                                 155              .global _IO_TMRLR4
                                                 156              .global _IO_TMR4
                                                 157              .global _IO_TMCSR4
                                                 158              .global _IO_TMRLR5
                                                 159              .global _IO_TMR5
                                                 160              .global _IO_TMCSR5
                                                 161              .global _IO_TMRLR6
                                                 162              .global _IO_TMR6
                                                 163              .global _IO_TMCSR6
                                                 164              .global _IO_TMRLR7
                                                 165              .global _IO_TMR7
                                                 166              .global _IO_TMCSR7
                                                 167              .global _IO_TCDT0
                                                 168              .global _IO_TCCS0
                                                 169              .global _IO_TCDT1
                                                 170              .global _IO_TCCS1
                                                 171              .global _IO_TCDT2
                                                 172              .global _IO_TCCS2
                                                 173              .global _IO_TCDT3
                                                 174              .global _IO_TCCS3
                                                 175              .global _IO_DMACA0
                                                 176              .global _IO_DMACB0
                                                 177              .global _IO_DMACA1
                                                 178              .global _IO_DMACB1
                                                 179              .global _IO_DMACA2
                                                 180              .global _IO_DMACB2
                                                 181              .global _IO_DMACA3
                                                 182              .global _IO_DMACB3
                                                 183              .global _IO_DMACA4
                                                 184              .global _IO_DMACB4
                                                 185              .global _IO_DMACR
                                                 186              .global _IO_ICS45
                                                 187              .global _IO_ICS67
                                                 188              .global _IO_IPCP4
                                                 189              .global _IO_IPCP5
                                                 190              .global _IO_IPCP6
                                                 191              .global _IO_IPCP7
                                                 192              .global _IO_OCS45
                                                 193              .global _IO_OCCP4
                                                 194              .global _IO_OCCP5
                                                 195              .global _IO_TCDT4
                                                 196              .global _IO_TCCS4
                                                 197              .global _IO_TCDT5
                                                 198              .global _IO_TCCS5
                                                 199              .global _IO_TCDT6
                                                 200              .global _IO_TCCS6
                                                 201              .global _IO_TCDT7
                                                 202              .global _IO_TCCS7
                                                 203              .global _IO_ROMS
                                                 204              .global _IO_BSD0
                                                 205              .global _IO_BSD1
_____________________________________________________________________________
FR Family SOFTUNE Assembler V60L09            2011-08-17 21:57:37   Page:   6
- SOURCE LISTING - ( init_func )

SN LOC      OBJ                           LLINE           SOURCE

                                                 206              .global _IO_BSDC
                                                 207              .global _IO_BSRR
                                                 208              .global _IO_ICR
                                                 209              .global _IO_CLK
                                                 210              .global _IO_PLL
                                                 211              .global _IO_OSCC1
                                                 212              .global _IO_OSCS1
                                                 213              .global _IO_OSCC2
                                                 214              .global _IO_OSCS2
                                                 215              .global _IO_PORTEN
                                                 216              .global _IO_WT
                                                 217              .global _IO_CSS
                                                 218              .global _IO_CUSO
                                                 219              .global _IO_CM
                                                 220              .global _IO_CANPRE
                                                 221              .global _IO_CANCKD
                                                 222              .global _IO_LVD
                                                 223              .global _IO_OST
                                                 224              .global _IO_OSC
                                                 225              .global _IO_PLL2
                                                 226              .global _IO_IOS
                                                 227              .global _IO_PORT2
                                                 228              .global _IO_DMAD
                                                 229              .global _IO_FMCS
                                                 230              .global _IO_FMCR
                                                 231              .global _IO_FCHCR
                                                 232              .global _IO_FMWT
                                                 233              .global _IO_FMWT2
                                                 234              .global _IO_FMPS
                                                 235              .global _IO_FMAC
                                                 236              .global _IO_CAN0
                                                 237              .global _IO_CAN4
                                                 238              .global _IO_FxR_CIF
                                                 239              .global _IO_FxR_GIF1
                                                 240              .global _IO_FxR_INT
                                                 241              .global _IO_FxR_SUC1
                                                 242              .global _IO_FxR_NEMC
                                                 243              .global _IO_FxR_PRT
                                                 244              .global _IO_FxR_MHDC
                                                 245              .global _IO_FxR_GTU1
                                                 246              .global _IO_FxR_SUC2
                                                 247              .global _IO_FxR_GTU2
                                                 248              .global _IO_FxR_NMV
                                                 249              .global _IO_FxR_MHD
                                                 250              .global _IO_FxR_GIF2
                                                 251              .global _IO_FxR_WRDS
                                                 252              .global _IO_FxR_IBF
                                                 253              .global _IO_FxR_RDDS
                                                 254              .global _IO_FxR_OBF
CO 00000000 -----------<CODE>------------        255              .section        CODE, CODE, align
                                                          =2
                                                 256              .global _init_port
                                                 257              ._SYMBOL        "init_port", F, 0
                                                          x8000000f, E, "_init_port", F
_____________________________________________________________________________
FR Family SOFTUNE Assembler V60L09            2011-08-17 21:57:37   Page:   7
- SOURCE LISTING - ( init_func )

SN LOC      OBJ                           LLINE           SOURCE

                                                 258              ._FPARAM        S, 0, F
                                                 259              ._FPARAM        E
                                                 260              ._CONFIG        S, F, 1
                                                 261              ._LINE  0, 23
CO 00000000                                      262      _init_port:
CO 00000000                                      263      L_20:
CO 00000000 1781                                 264              ST      RP,@-SP
CO 00000002 0F01                                 265              ENTER   #4
                                                 266      ;-------end_of_no_optimize_block
                                                 267              ._FUNCTION      "fp", "fp", 16
                                                 268              ._CONFIG        S, B
CO 00000004                                      269      L_21:                           // Pred:
                                                          L_20
                                                 270              ._LINE  0, 29
CO 00000004 CFF0                                 271              LDI     #255,R0
CO 00000006 8B0D                                 272              MOV     R0,R13
CO 00000008 1A00                      I          273              DMOVB   R13,@_IO_PDR14  ; _IO_PDR
                                                          14
                                                 274              ._LINE  0, 30
CO 0000000A 9B020000                  I          275              LDI:20  #_IO_PORT2+142,R2
CO 0000000E C001                                 276              LDI     #0,R1
CO 00000010 1621                                 277              STB     R1,@R2  ; _IO_PORT2
                                                 278              ._LINE  0, 31
CO 00000012 9B020000                  I          279              LDI:20  #_IO_PORT2+78,R2
CO 00000016 1620                                 280              STB     R0,@R2  ; _IO_PORT2
                                                 281              ._LINE  0, 34
CO 00000018 C3F2                                 282              LDI     #63,R2
CO 0000001A 8B2D                                 283              MOV     R2,R13
CO 0000001C 1A00                      I          284              DMOVB   R13,@_IO_PDR15  ; _IO_PDR
                                                          15
                                                 285              ._LINE  0, 35
CO 0000001E 9B030000                  I          286              LDI:20  #_IO_PORT2+143,R3
CO 00000022 1631                                 287              STB     R1,@R3  ; _IO_PORT2
                                                 288              ._LINE  0, 36
CO 00000024 9B030000                  I          289              LDI:20  #_IO_PORT2+79,R3
CO 00000028 1632                                 290              STB     R2,@R3  ; _IO_PORT2
                                                 291              ._LINE  0, 39
CO 0000002A 8B1D                                 292              MOV     R1,R13
CO 0000002C 1A00                      I          293              DMOVB   R13,@_IO_PDR16  ; _IO_PDR
                                                          16
                                                 294              ._LINE  0, 40
CO 0000002E 9B020000                  I          295              LDI:20  #_IO_PORT2+144,R2
CO 00000032 1621                                 296              STB     R1,@R2  ; _IO_PORT2
                                                 297              ._LINE  0, 41
CO 00000034 9B030000                  I          298              LDI:20  #_IO_PORT2+80,R3
CO 00000038 C8F2                                 299              LDI     #143,R2
CO 0000003A 1632                                 300              STB     R2,@R3  ; _IO_PORT2
                                                 301              ._LINE  0, 44
CO 0000003C 8B0D                                 302              MOV     R0,R13
CO 0000003E 1A00                      I          303              DMOVB   R13,@_IO_PDR17  ; _IO_PDR
                                                          17
                                                 304              ._LINE  0, 45
CO 00000040 9B020000                  I          305              LDI:20  #_IO_PORT2+145,R2
CO 00000044 1621                                 306              STB     R1,@R2  ; _IO_PORT2
_____________________________________________________________________________
FR Family SOFTUNE Assembler V60L09            2011-08-17 21:57:37   Page:   8
- SOURCE LISTING - ( init_func )

SN LOC      OBJ                           LLINE           SOURCE

                                                 307              ._LINE  0, 46
CO 00000046 9B020000                  I          308              LDI:20  #_IO_PORT2+81,R2
CO 0000004A 1620                                 309              STB     R0,@R2  ; _IO_PORT2
                                                 310              ._LINE  0, 49
CO 0000004C 8B1D                                 311              MOV     R1,R13
CO 0000004E 1A00                      I          312              DMOVB   R13,@_IO_PDR18  ; _IO_PDR
                                                          18
                                                 313              ._LINE  0, 50
CO 00000050 9B020000                  I          314              LDI:20  #_IO_PORT2+146,R2
CO 00000054 1621                                 315              STB     R1,@R2  ; _IO_PORT2
                                                 316              ._LINE  0, 51
CO 00000056 9B020000                  I          317              LDI:20  #_IO_PORT2+82,R2
CO 0000005A C774                                 318              LDI     #119,R4
CO 0000005C 1624                                 319              STB     R4,@R2  ; _IO_PORT2
                                                 320              ._LINE  0, 56
CO 0000005E 9B020000                  I          321              LDI:20  #_IO_PORT2+150,R2
CO 00000062 C033                                 322              LDI     #3,R3
CO 00000064 1623                                 323              STB     R3,@R2  ; _IO_PORT2
                                                 324              ._LINE  0, 59
CO 00000066 9B020000                  I          325              LDI:20  #_IO_PORT2+151,R2
CO 0000006A 1623                                 326              STB     R3,@R2  ; _IO_PORT2
                                                 327              ._LINE  0, 62
CO 0000006C 9B020000                  I          328              LDI:20  #_IO_PORT2+152,R2
                                                 329   x          BAND    #0xDF,@R2
CO 00000070 81D2                                       O  "BANDH"
                                                 330              ._LINE  0, 63
CO 00000072 9B020000                  I          331              LDI:20  #_IO_PORT2+88,R2
                                                 332   x          BAND    #0xDF,@R2
CO 00000076 81D2                                       O  "BANDH"
                                                 333              ._LINE  0, 66
CO 00000078 1A00                      I          334              DMOVB   R13,@_IO_PDR27  ; _IO_PDR
                                                          27
                                                 335              ._LINE  0, 67
CO 0000007A 9B020000                  I          336              LDI:20  #_IO_PORT2+155,R2
CO 0000007E 1621                                 337              STB     R1,@R2  ; _IO_PORT2
                                                 338              ._LINE  0, 68
CO 00000080 9B020000                  I          339              LDI:20  #_IO_PORT2+91,R2
CO 00000084 C0F3                                 340              LDI     #15,R3
CO 00000086 1623                                 341              STB     R3,@R2  ; _IO_PORT2
                                                 342              ._LINE  0, 72
CO 00000088 8B0D                                 343              MOV     R0,R13
CO 0000008A 1A00                      I          344              DMOVB   R13,@_IO_PDR29  ; _IO_PDR
                                                          29
                                                 345              ._LINE  0, 73
CO 0000008C 9B020000                  I          346              LDI:20  #_IO_PORT2+157,R2
CO 00000090 1621                                 347              STB     R1,@R2  ; _IO_PORT2
                                                 348              ._LINE  0, 74
CO 00000092 9B020000                  I          349              LDI:20  #_IO_PORT2+93,R2
CO 00000096 1620                                 350              STB     R0,@R2  ; _IO_PORT2
                                                 351              ._LINE  0, 83
CO 00000098 9B000000                  I          352              LDI:20  #_IO_PORT2+159,R0
CO 0000009C 1604                                 353              STB     R4,@R0  ; _IO_PORT2
                                                 354              ._LINE  0, 84
CO 0000009E 9B000000                  I          355              LDI:20  #_IO_PORT2+223,R0
_____________________________________________________________________________
FR Family SOFTUNE Assembler V60L09            2011-08-17 21:57:37   Page:   9
- SOURCE LISTING - ( init_func )

SN LOC      OBJ                           LLINE           SOURCE

CO 000000A2 1604                                 356              STB     R4,@R0  ; _IO_PORT2
                                                 357              ._LINE  0, 85
CO 000000A4 8B1D                                 358              MOV     R1,R13
CO 000000A6 1A00                      I          359              DMOVB   R13,@_IO_PDR31  ; _IO_PDR
                                                          31
                                                 360              ._LINE  0, 86
CO 000000A8 9B000000                  I          361              LDI:20  #_IO_PORT2+95,R0
CO 000000AC C331                                 362              LDI     #51,R1
CO 000000AE 1601                                 363              STB     R1,@R0  ; _IO_PORT2
                                                 364              ._LINE  0, 89
CO 000000B0 9B000000                  I          365              LDI:20  #_IO_PORT2+156,R0
                                                 366   x          BOR     #0x2,@R0
CO 000000B4 9020                                       O  "BORL"
                                                 367              ._LINE  0, 90
                                                 368   x          BOR     #0x4,@R0
CO 000000B6 9040                                       O  "BORL"
                                                 369              ._LINE  0, 93
CO 000000B8 9B000000                  I          370              LDI:20  #_IO_PORTEN,R0
                                                 371   x          BOR     #0x1,@R0
CO 000000BC 9010                                       O  "BORL"
CO 000000BE                                      372      L_22:                           // Pred:
                                                          L_21
                                                 373              ._LINE  0, 93
                                                 374              ._CONFIG        E
                                                 375              ._LINE  0, 94
CO 000000BE 9F90                                 376              LEAVE
CO 000000C0 0781                                 377              LD      @SP+,RP
CO 000000C2 9720                                 378              RET
                                                 379              ._CONFIG        E
                                                 380              .global _init_ADC
                                                 381              ._SYMBOL        "init_ADC", F, 0x
                                                          8000000f, E, "_init_ADC", F
                                                 382              ._FPARAM        S, 0, F
                                                 383              ._FPARAM        E
                                                 384              ._CONFIG        S, F, 1
                                                 385              ._LINE  0, 96
CO 000000C4                                      386      _init_ADC:
CO 000000C4                                      387      L_23:
CO 000000C4 1781                                 388              ST      RP,@-SP
CO 000000C6 0F01                                 389              ENTER   #4
                                                 390      ;-------end_of_no_optimize_block
                                                 391              ._FUNCTION      "fp", "fp", 16
                                                 392              ._CONFIG        S, B
CO 000000C8                                      393      L_24:                           // Pred:
                                                          L_23
                                                 394              ._LINE  0, 98
CO 000000C8 9B000000                  I          395              LDI:20  #_IO_ICR+59,R0
CO 000000CC C1A1                                 396              LDI     #26,R1
CO 000000CE 1601                                 397              STB     R1,@R0
                                                 398              ._LINE  0, 100
CO 000000D0 9B000000                  I          399              LDI:20  #_IO_PORTEN,R0
                                                 400   x          BOR     #0x1,@R0
CO 000000D4 9010                                       O  "BORL"
                                                 401              ._LINE  0, 101
_____________________________________________________________________________
FR Family SOFTUNE Assembler V60L09            2011-08-17 21:57:37   Page:  10
- SOURCE LISTING - ( init_func )

SN LOC      OBJ                           LLINE           SOURCE

CO 000000D6 9B000000                  I          402              LDI:20  #_IO_AD+2,R0
                                                 403   x          BOR     #0x2,@R0
CO 000000DA 9020                                       O  "BORL"
                                                 404              ._LINE  0, 102
                                                 405   x          BOR     #0x4,@R0
CO 000000DC 9040                                       O  "BORL"
                                                 406              ._LINE  0, 104
CO 000000DE 9B000000                  I          407              LDI:20  #_IO_AD+10,R0
CO 000000E2 C091                                 408              LDI     #9,R1
CO 000000E4 1601                                 409              STB     R1,@R0  ; _IO_AD
                                                 410              ._LINE  0, 105
CO 000000E6 9B000000                  I          411              LDI:20  #_IO_AD+11,R0
CO 000000EA C0A1                                 412              LDI     #10,R1
CO 000000EC 1601                                 413              STB     R1,@R0  ; _IO_AD
                                                 414              ._LINE  0, 109
CO 000000EE 9B020000                  I          415              LDI:20  #_IO_AD+8,R2
CO 000000F2 0621                                 416              LDUB    @R2,R1  ; _IO_AD
CO 000000F4 C030                                 417              LDI     #3,R0
CO 000000F6 8201                                 418              AND     R0,R1
CO 000000F8 C100                                 419              LDI     #16,R0
CO 000000FA 9201                                 420              OR      R0,R1
CO 000000FC 1621                                 421              STB     R1,@R2  ; _IO_AD
                                                 422              ._LINE  0, 111
CO 000000FE 0521                                 423              LDUH    @R2,R1  ; _IO_AD
CO 00000100 9F80FFFFFC00                         424              LDI     #-1024,R0
CO 00000106 8201                                 425              AND     R0,R1
CO 00000108 C280                                 426              LDI     #40,R0
CO 0000010A 9201                                 427              OR      R0,R1
CO 0000010C 1521                                 428              STH     R1,@R2  ; _IO_AD
                                                 429              ._LINE  0, 114
CO 0000010E 9B030000                  I          430              LDI:20  #_IO_AD+4,R3
CO 00000112 C200                                 431              LDI     #32,R0
CO 00000114 1630                                 432              STB     R0,@R3  ; _IO_AD
                                                 433              ._LINE  0, 127
CO 00000116 9B010000                  I          434              LDI:20  #_IO_AD+5,R1
CO 0000011A CE00                                 435              LDI     #224,R0
CO 0000011C 1610                                 436              STB     R0,@R1  ; _IO_AD
                                                 437              ._LINE  0, 140
                                                 438   x          BOR     #0x2,@R3
CO 0000011E 9023                                       O  "BORL"
CO 00000120                                      439      L_25:                           // Pred:
                                                          L_24
                                                 440              ._LINE  0, 140
                                                 441              ._CONFIG        E
                                                 442              ._LINE  0, 142
CO 00000120 9F90                                 443              LEAVE
CO 00000122 0781                                 444              LD      @SP+,RP
CO 00000124 9720                                 445              RET
                                                 446              ._CONFIG        E
            ==                                   447              .end
_____________________________________________________________________________
FR Family SOFTUNE Assembler V60L09            2011-08-17 21:57:37   Page:  11
- SECTION LISTING - ( init_func )

   NO SECTION-NAME                        SIZE   ATTRIBUTES

    0 CODE . . . . . . . . . . . . . .  00000126 CODE    REL ALIGN=2
