_____________________________________________________________________________
FR Family SOFTUNE Assembler V60L09            2011-08-19 19:52:58   Page:   1
- ASSEMBLE INFORMATION - ( ports )

|             Command line         :  C:\Softune6\bin\fasm911s -f C:\DOKUME |
|                                     ~1\ADMINI~1\LOKALE~1\Temp\fccb0c_2\fc |
|                                     cb0c_3.opt -o Y:\FlexRayDriver\Fujits |
|                                     u_MB91F465X\flexray_startup\Debug\OBJ |
|                                     \ports.obj Y:\FlexRayDriver\Fujitsu_M |
|                                     B91F465X\flexray_startup\Debug\LST\po |
|                                     rts.asm                               |
|                                                                           |
|             Total errors         :    0                                   |
|             Total warnings       :    0                                   |
|                                       There were no errors.               |
|                                                                           |
|             Object file          :  Y:\FlexRayDriver\Fujitsu_MB91F465X\fl |
|                                     exray_startup\Debug\OBJ\ports.obj     |
|             List file            :  ports.lst                             |
|                                                                           |
|                                                                           |
| NO NEST     SOURCE-FILE-NAME                     CREATE DATE/TIME         |
| -- -------- ------------------------------------ ------------------------ |
|  0          Y:\FlexRayDriver\Fujitsu_MB91F465X\f 2011-08-19 19:52:59      |
|             lexray_startup\Debug\LST\ports.asm                            |
| -- -------- ------------------------------------ ------------------------ |
|                                                                           |
|                                                                           |
|             Current path         :  Y:\FlexRayDriver\Fujitsu_MB91F465X\fl |
|                                     exray_startup                         |
|             Include path         :  INC911     = C:\Softune6\LIB\911\INCL |
|                                                  UDE\                     |
|             Work file path       :  TMP        =                          |
|             Default Option file  :  OPT911     = C:\Softune6\LIB\911\ (fa |
|                                                  sm911.opt)               |
|                                                                           |
|                                                                           |
| NO NEST     OPTION-FILE-NAME                     CREATE DATE/TIME         |
| -- -------- ------------------------------------ ------------------------ |
|  0          C:\Softune6\LIB\911\fasm911.opt      2001-11-19 21:10:00      |
|             ------------------------------------                          |
|             # FR Family Softune Assembler Defaul                          |
|             t Option File                                                 |
| -- -------- ------------------------------------ ------------------------ |
|  1          C:\DOKUME~1\ADMINI~1\LOKALE~1\Temp\f 2011-08-19 19:52:58      |
|             ccb0c_2\fccb0c_3.opt                                          |
|             ------------------------------------                          |
|             "-g"                                                          |
|             "-cpu"                                                        |
|             "MB91F465X"                                                   |
|             "-XUDSW"                                                      |
|             "-lf"                                                         |
|             "ports.lst"                                                   |
| -- -------- ------------------------------------ ------------------------ |
|___________________________________________________________________________|


_____________________________________________________________________________
FR Family SOFTUNE Assembler V60L09            2011-08-19 19:52:58   Page:   2
- SOURCE LISTING - ( ports )

SN LOC      OBJ                           LLINE           SOURCE

<Y:\FlexRayDriver\Fujitsu_MB91F465X\flexr
ay_startup\Debug\LST\ports.asm>           ==========
                                                   1      //                                      F
                                                          R Family SOFTUNE cpcom V65L06
MODULE NAME = ports                                2              .program        "ports"
                                                   3              .library        "lib911.lib"
                                                   4              ._LANGUAGE      C_FR20, N, U, F
                                                   5              ._FILE  "Y:\FlexRayDriver\Fujitsu
                                                          _MB91F465X\flexray_startup\src\ports.c",
                                                          0
                                                   6              ._FILE  "Y:\FlexRayDriver\Fujitsu
                                                          _MB91F465X\flexray_startup\src\..\IO_MB91
                                                          465X_V01L03\mb91f465x.h", 1
                                                   7              ._FILE  "Y:\FlexRayDriver\Fujitsu
                                                          _MB91F465X\flexray_startup\src\..\IO_MB91
                                                          465X_V01L03\_fr.h", 2
                                                   8              ._FILE  "Y:\FlexRayDriver\Fujitsu
                                                          _MB91F465X\flexray_startup\src\..\h_file\
                                                          FLX_regist_defines.h", 3
                                                   9              ._FILE  "Y:\FlexRayDriver\Fujitsu
                                                          _MB91F465X\flexray_startup\src\..\h_file\
                                                          ..\h_file\platform_types.h", 4
                                                  10              ._FILE  "Y:\FlexRayDriver\Fujitsu
                                                          _MB91F465X\flexray_startup\src\..\h_file\
                                                          ports.h", 5
                                                  11              ._BTYPE 0x80000001, 1
                                                  12              ._BTYPE 0x80000002, 1
                                                  13              ._BTYPE 0x80000003, 2
                                                  14              ._BTYPE 0x80000004, 2
                                                  15              ._BTYPE 0x80000005, 4
                                                  16              ._BTYPE 0x80000006, 4
                                                  17              ._BTYPE 0x80000007, 4
                                                  18              ._BTYPE 0x80000008, 4
                                                  19              ._BTYPE 0x80000009, 1
                                                  20              ._BTYPE 0x8000000a, 2
                                                  21              ._BTYPE 0x8000000b, 4
                                                  22              ._BTYPE 0x8000000c, 8
                                                  23              ._BTYPE 0x8000000d, 8
                                                  24              ._BTYPE 0x8000000e, 1
                                                  25              ._BTYPE 0x8000000f, 0
                                                  26              ._BTYPE 0x80000010, 8
                                                  27              ._BTYPE 0x80000011, 8
                                                  28              .global _IO_PDR14
                                                  29              .global _IO_PDR15
                                                  30              .global _IO_PDR16
                                                  31              .global _IO_PDR17
                                                  32              .global _IO_PDR18
                                                  33              .global _IO_PDR19
                                                  34              .global _IO_PDR22
                                                  35              .global _IO_PDR23
                                                  36              .global _IO_PDR24
                                                  37              .global _IO_PDR27
                                                  38              .global _IO_PDR28
                                                  39              .global _IO_PDR29
_____________________________________________________________________________
FR Family SOFTUNE Assembler V60L09            2011-08-19 19:52:58   Page:   3
- SOURCE LISTING - ( ports )

SN LOC      OBJ                           LLINE           SOURCE

                                                  40              .global _IO_PDR31
                                                  41              .global _IO_EIRR0
                                                  42              .global _IO_ENIR0
                                                  43              .global _IO_ELVR0
                                                  44              .global _IO_EIRR1
                                                  45              .global _IO_ENIR1
                                                  46              .global _IO_ELVR1
                                                  47              .global _IO_DICR
                                                  48              .global _IO_HRCL
                                                  49              .global _IO_RBSYNC
                                                  50              .global _IO_SCR04
                                                  51              .global _IO_SMR04
                                                  52              .global _IO_SSR04
                                                  53              .global _IO_RDR04
                                                  54              .global _IO_ESCR04
                                                  55              .global _IO_ECCR04
                                                  56              .global _IO_FSR04
                                                  57              .global _IO_FCR04
                                                  58              .global _IO_SCR06
                                                  59              .global _IO_SMR06
                                                  60              .global _IO_SSR06
                                                  61              .global _IO_RDR06
                                                  62              .global _IO_ESCR06
                                                  63              .global _IO_ECCR06
                                                  64              .global _IO_FSR06
                                                  65              .global _IO_FCR06
                                                  66              .global _IO_SCR07
                                                  67              .global _IO_SMR07
                                                  68              .global _IO_SSR07
                                                  69              .global _IO_RDR07
                                                  70              .global _IO_ESCR07
                                                  71              .global _IO_ECCR07
                                                  72              .global _IO_FSR07
                                                  73              .global _IO_FCR07
                                                  74              .global _IO_BGR04
                                                  75              .global _IO_BGR06
                                                  76              .global _IO_BGR07
                                                  77              .global _IO_IIC0
                                                  78              .global _IO_GCN10
                                                  79              .global _IO_GCN20
                                                  80              .global _IO_GCN11
                                                  81              .global _IO_GCN21
                                                  82              .global _IO_GCN12
                                                  83              .global _IO_GCN22
                                                  84              .global _IO_PTMR00
                                                  85              .global _IO_PCSR00
                                                  86              .global _IO_PDUT00
                                                  87              .global _IO_PCN00
                                                  88              .global _IO_PTMR01
                                                  89              .global _IO_PCSR01
                                                  90              .global _IO_PDUT01
                                                  91              .global _IO_PCN01
                                                  92              .global _IO_PTMR02
                                                  93              .global _IO_PCSR02
_____________________________________________________________________________
FR Family SOFTUNE Assembler V60L09            2011-08-19 19:52:58   Page:   4
- SOURCE LISTING - ( ports )

SN LOC      OBJ                           LLINE           SOURCE

                                                  94              .global _IO_PDUT02
                                                  95              .global _IO_PCN02
                                                  96              .global _IO_PTMR03
                                                  97              .global _IO_PCSR03
                                                  98              .global _IO_PDUT03
                                                  99              .global _IO_PCN03
                                                 100              .global _IO_PTMR04
                                                 101              .global _IO_PCSR04
                                                 102              .global _IO_PDUT04
                                                 103              .global _IO_PCN04
                                                 104              .global _IO_PTMR05
                                                 105              .global _IO_PCSR05
                                                 106              .global _IO_PDUT05
                                                 107              .global _IO_PCN05
                                                 108              .global _IO_PTMR06
                                                 109              .global _IO_PCSR06
                                                 110              .global _IO_PDUT06
                                                 111              .global _IO_PCN06
                                                 112              .global _IO_PTMR07
                                                 113              .global _IO_PCSR07
                                                 114              .global _IO_PDUT07
                                                 115              .global _IO_PCN07
                                                 116              .global _IO_PTMR08
                                                 117              .global _IO_PCSR08
                                                 118              .global _IO_PDUT08
                                                 119              .global _IO_PCN08
                                                 120              .global _IO_PTMR09
                                                 121              .global _IO_PCSR09
                                                 122              .global _IO_PDUT09
                                                 123              .global _IO_PCN09
                                                 124              .global _IO_PTMR10
                                                 125              .global _IO_PCSR10
                                                 126              .global _IO_PDUT10
                                                 127              .global _IO_PCN10
                                                 128              .global _IO_PTMR11
                                                 129              .global _IO_PCSR11
                                                 130              .global _IO_PDUT11
                                                 131              .global _IO_PCN11
                                                 132              .global _IO_ICS01
                                                 133              .global _IO_ICS23
                                                 134              .global _IO_IPCP0
                                                 135              .global _IO_IPCP1
                                                 136              .global _IO_IPCP2
                                                 137              .global _IO_IPCP3
                                                 138              .global _IO_OCS01
                                                 139              .global _IO_OCS23
                                                 140              .global _IO_OCCP0
                                                 141              .global _IO_OCCP1
                                                 142              .global _IO_OCCP2
                                                 143              .global _IO_OCCP3
                                                 144              .global _IO_AD
                                                 145              .global _IO_TMRLR0
                                                 146              .global _IO_TMR0
                                                 147              .global _IO_TMCSR0
_____________________________________________________________________________
FR Family SOFTUNE Assembler V60L09            2011-08-19 19:52:58   Page:   5
- SOURCE LISTING - ( ports )

SN LOC      OBJ                           LLINE           SOURCE

                                                 148              .global _IO_TMRLR1
                                                 149              .global _IO_TMR1
                                                 150              .global _IO_TMCSR1
                                                 151              .global _IO_TMRLR2
                                                 152              .global _IO_TMR2
                                                 153              .global _IO_TMCSR2
                                                 154              .global _IO_TMRLR3
                                                 155              .global _IO_TMR3
                                                 156              .global _IO_TMCSR3
                                                 157              .global _IO_TMRLR4
                                                 158              .global _IO_TMR4
                                                 159              .global _IO_TMCSR4
                                                 160              .global _IO_TMRLR5
                                                 161              .global _IO_TMR5
                                                 162              .global _IO_TMCSR5
                                                 163              .global _IO_TMRLR6
                                                 164              .global _IO_TMR6
                                                 165              .global _IO_TMCSR6
                                                 166              .global _IO_TMRLR7
                                                 167              .global _IO_TMR7
                                                 168              .global _IO_TMCSR7
                                                 169              .global _IO_TCDT0
                                                 170              .global _IO_TCCS0
                                                 171              .global _IO_TCDT1
                                                 172              .global _IO_TCCS1
                                                 173              .global _IO_TCDT2
                                                 174              .global _IO_TCCS2
                                                 175              .global _IO_TCDT3
                                                 176              .global _IO_TCCS3
                                                 177              .global _IO_DMACA0
                                                 178              .global _IO_DMACB0
                                                 179              .global _IO_DMACA1
                                                 180              .global _IO_DMACB1
                                                 181              .global _IO_DMACA2
                                                 182              .global _IO_DMACB2
                                                 183              .global _IO_DMACA3
                                                 184              .global _IO_DMACB3
                                                 185              .global _IO_DMACA4
                                                 186              .global _IO_DMACB4
                                                 187              .global _IO_DMACR
                                                 188              .global _IO_ICS45
                                                 189              .global _IO_ICS67
                                                 190              .global _IO_IPCP4
                                                 191              .global _IO_IPCP5
                                                 192              .global _IO_IPCP6
                                                 193              .global _IO_IPCP7
                                                 194              .global _IO_OCS45
                                                 195              .global _IO_OCCP4
                                                 196              .global _IO_OCCP5
                                                 197              .global _IO_TCDT4
                                                 198              .global _IO_TCCS4
                                                 199              .global _IO_TCDT5
                                                 200              .global _IO_TCCS5
                                                 201              .global _IO_TCDT6
_____________________________________________________________________________
FR Family SOFTUNE Assembler V60L09            2011-08-19 19:52:58   Page:   6
- SOURCE LISTING - ( ports )

SN LOC      OBJ                           LLINE           SOURCE

                                                 202              .global _IO_TCCS6
                                                 203              .global _IO_TCDT7
                                                 204              .global _IO_TCCS7
                                                 205              .global _IO_ROMS
                                                 206              .global _IO_BSD0
                                                 207              .global _IO_BSD1
                                                 208              .global _IO_BSDC
                                                 209              .global _IO_BSRR
                                                 210              .global _IO_ICR
                                                 211              .global _IO_CLK
                                                 212              .global _IO_PLL
                                                 213              .global _IO_OSCC1
                                                 214              .global _IO_OSCS1
                                                 215              .global _IO_OSCC2
                                                 216              .global _IO_OSCS2
                                                 217              .global _IO_PORTEN
                                                 218              .global _IO_WT
                                                 219              .global _IO_CSS
                                                 220              .global _IO_CUSO
                                                 221              .global _IO_CM
                                                 222              .global _IO_CANPRE
                                                 223              .global _IO_CANCKD
                                                 224              .global _IO_LVD
                                                 225              .global _IO_OST
                                                 226              .global _IO_OSC
                                                 227              .global _IO_PLL2
                                                 228              .global _IO_IOS
                                                 229              .global _IO_PORT2
                                                 230              .global _IO_DMAD
                                                 231              .global _IO_FMCS
                                                 232              .global _IO_FMCR
                                                 233              .global _IO_FCHCR
                                                 234              .global _IO_FMWT
                                                 235              .global _IO_FMWT2
                                                 236              .global _IO_FMPS
                                                 237              .global _IO_FMAC
                                                 238              .global _IO_CAN0
                                                 239              .global _IO_CAN4
                                                 240              .global _IO_FxR_CIF
                                                 241              .global _IO_FxR_GIF1
                                                 242              .global _IO_FxR_INT
                                                 243              .global _IO_FxR_SUC1
                                                 244              .global _IO_FxR_NEMC
                                                 245              .global _IO_FxR_PRT
                                                 246              .global _IO_FxR_MHDC
                                                 247              .global _IO_FxR_GTU1
                                                 248              .global _IO_FxR_SUC2
                                                 249              .global _IO_FxR_GTU2
                                                 250              .global _IO_FxR_NMV
                                                 251              .global _IO_FxR_MHD
                                                 252              .global _IO_FxR_GIF2
                                                 253              .global _IO_FxR_WRDS
                                                 254              .global _IO_FxR_IBF
                                                 255              .global _IO_FxR_RDDS
_____________________________________________________________________________
FR Family SOFTUNE Assembler V60L09            2011-08-19 19:52:58   Page:   7
- SOURCE LISTING - ( ports )

SN LOC      OBJ                           LLINE           SOURCE

                                                 256              .global _IO_FxR_OBF
CO 00000000 -----------<CODE>------------        257              .section        CODE, CODE, align
                                                          =2
                                                 258              .global _DUXPortsInit
                                                 259              ._SYMBOL        "DUXPortsInit", F
                                                          , 0x8000000f, E, "_DUXPortsInit", F
                                                 260              ._FPARAM        S, 0, F
                                                 261              ._FPARAM        E
                                                 262              ._CONFIG        S, F, 1
                                                 263              ._LINE  0, 28
CO 00000000                                      264      _DUXPortsInit:
CO 00000000                                      265      L_20:
CO 00000000 1781                                 266              ST      RP,@-SP
CO 00000002 0F01                                 267              ENTER   #4
                                                 268      ;-------end_of_no_optimize_block
                                                 269              ._FUNCTION      "fp", "fp", 16
                                                 270              ._CONFIG        S, B
CO 00000004                                      271      L_21:                           // Pred:
                                                          L_20
                                                 272              ._LINE  0, 30
CO 00000004 CFF0                                 273              LDI     #255,R0
CO 00000006 8B0D                                 274              MOV     R0,R13
CO 00000008 1A00                      I          275              DMOVB   R13,@_IO_PDR14  ; _IO_PDR
                                                          14
                                                 276              ._LINE  0, 31
CO 0000000A 9B020000                  I          277              LDI:20  #_IO_PORT2+142,R2
CO 0000000E C001                                 278              LDI     #0,R1
CO 00000010 1621                                 279              STB     R1,@R2  ; _IO_PORT2
                                                 280              ._LINE  0, 32
CO 00000012 9B020000                  I          281              LDI:20  #_IO_PORT2+78,R2
CO 00000016 1620                                 282              STB     R0,@R2  ; _IO_PORT2
                                                 283              ._LINE  0, 35
CO 00000018 C3F2                                 284              LDI     #63,R2
CO 0000001A 8B2D                                 285              MOV     R2,R13
CO 0000001C 1A00                      I          286              DMOVB   R13,@_IO_PDR15  ; _IO_PDR
                                                          15
                                                 287              ._LINE  0, 36
CO 0000001E 9B030000                  I          288              LDI:20  #_IO_PORT2+143,R3
CO 00000022 1631                                 289              STB     R1,@R3  ; _IO_PORT2
                                                 290              ._LINE  0, 37
CO 00000024 9B030000                  I          291              LDI:20  #_IO_PORT2+79,R3
CO 00000028 1632                                 292              STB     R2,@R3  ; _IO_PORT2
                                                 293              ._LINE  0, 40
CO 0000002A 8B1D                                 294              MOV     R1,R13
CO 0000002C 1A00                      I          295              DMOVB   R13,@_IO_PDR16  ; _IO_PDR
                                                          16
                                                 296              ._LINE  0, 41
CO 0000002E 9B020000                  I          297              LDI:20  #_IO_PORT2+144,R2
CO 00000032 1621                                 298              STB     R1,@R2  ; _IO_PORT2
                                                 299              ._LINE  0, 42
CO 00000034 9B030000                  I          300              LDI:20  #_IO_PORT2+80,R3
CO 00000038 C8F2                                 301              LDI     #143,R2
CO 0000003A 1632                                 302              STB     R2,@R3  ; _IO_PORT2
                                                 303              ._LINE  0, 45
_____________________________________________________________________________
FR Family SOFTUNE Assembler V60L09            2011-08-19 19:52:58   Page:   8
- SOURCE LISTING - ( ports )

SN LOC      OBJ                           LLINE           SOURCE

CO 0000003C 8B0D                                 304              MOV     R0,R13
CO 0000003E 1A00                      I          305              DMOVB   R13,@_IO_PDR17  ; _IO_PDR
                                                          17
                                                 306              ._LINE  0, 46
CO 00000040 9B020000                  I          307              LDI:20  #_IO_PORT2+145,R2
CO 00000044 1621                                 308              STB     R1,@R2  ; _IO_PORT2
                                                 309              ._LINE  0, 47
CO 00000046 9B020000                  I          310              LDI:20  #_IO_PORT2+81,R2
CO 0000004A 1620                                 311              STB     R0,@R2  ; _IO_PORT2
                                                 312              ._LINE  0, 50
CO 0000004C 8B1D                                 313              MOV     R1,R13
CO 0000004E 1A00                      I          314              DMOVB   R13,@_IO_PDR18  ; _IO_PDR
                                                          18
                                                 315              ._LINE  0, 51
CO 00000050 9B020000                  I          316              LDI:20  #_IO_PORT2+146,R2
CO 00000054 1621                                 317              STB     R1,@R2  ; _IO_PORT2
                                                 318              ._LINE  0, 52
CO 00000056 9B020000                  I          319              LDI:20  #_IO_PORT2+82,R2
CO 0000005A C774                                 320              LDI     #119,R4
CO 0000005C 1624                                 321              STB     R4,@R2  ; _IO_PORT2
                                                 322              ._LINE  0, 55
CO 0000005E 9B020000                  I          323              LDI:20  #_IO_PORT2+150,R2
CO 00000062 C033                                 324              LDI     #3,R3
CO 00000064 1623                                 325              STB     R3,@R2  ; _IO_PORT2
                                                 326              ._LINE  0, 58
CO 00000066 9B020000                  I          327              LDI:20  #_IO_PORT2+151,R2
CO 0000006A 1623                                 328              STB     R3,@R2  ; _IO_PORT2
                                                 329              ._LINE  0, 61
CO 0000006C 9B020000                  I          330              LDI:20  #_IO_PORT2+152,R2
                                                 331   x          BAND    #0xDF,@R2
CO 00000070 81D2                                       O  "BANDH"
                                                 332              ._LINE  0, 62
CO 00000072 9B020000                  I          333              LDI:20  #_IO_PORT2+88,R2
                                                 334   x          BAND    #0xDF,@R2
CO 00000076 81D2                                       O  "BANDH"
                                                 335              ._LINE  0, 65
CO 00000078 1A00                      I          336              DMOVB   R13,@_IO_PDR27  ; _IO_PDR
                                                          27
                                                 337              ._LINE  0, 66
CO 0000007A 9B020000                  I          338              LDI:20  #_IO_PORT2+155,R2
CO 0000007E 1621                                 339              STB     R1,@R2  ; _IO_PORT2
                                                 340              ._LINE  0, 67
CO 00000080 9B020000                  I          341              LDI:20  #_IO_PORT2+91,R2
CO 00000084 C0F3                                 342              LDI     #15,R3
CO 00000086 1623                                 343              STB     R3,@R2  ; _IO_PORT2
                                                 344              ._LINE  0, 70
CO 00000088 8B0D                                 345              MOV     R0,R13
CO 0000008A 1A00                      I          346              DMOVB   R13,@_IO_PDR29  ; _IO_PDR
                                                          29
                                                 347              ._LINE  0, 71
CO 0000008C 9B020000                  I          348              LDI:20  #_IO_PORT2+157,R2
CO 00000090 1621                                 349              STB     R1,@R2  ; _IO_PORT2
                                                 350              ._LINE  0, 72
CO 00000092 9B020000                  I          351              LDI:20  #_IO_PORT2+93,R2
_____________________________________________________________________________
FR Family SOFTUNE Assembler V60L09            2011-08-19 19:52:58   Page:   9
- SOURCE LISTING - ( ports )

SN LOC      OBJ                           LLINE           SOURCE

CO 00000096 1620                                 352              STB     R0,@R2  ; _IO_PORT2
                                                 353              ._LINE  0, 81
CO 00000098 9B000000                  I          354              LDI:20  #_IO_PORT2+159,R0
CO 0000009C 1604                                 355              STB     R4,@R0  ; _IO_PORT2
                                                 356              ._LINE  0, 82
CO 0000009E 9B000000                  I          357              LDI:20  #_IO_PORT2+223,R0
CO 000000A2 1604                                 358              STB     R4,@R0  ; _IO_PORT2
                                                 359              ._LINE  0, 83
CO 000000A4 8B1D                                 360              MOV     R1,R13
CO 000000A6 1A00                      I          361              DMOVB   R13,@_IO_PDR31  ; _IO_PDR
                                                          31
                                                 362              ._LINE  0, 84
CO 000000A8 9B000000                  I          363              LDI:20  #_IO_PORT2+95,R0
CO 000000AC C331                                 364              LDI     #51,R1
CO 000000AE 1601                                 365              STB     R1,@R0  ; _IO_PORT2
                                                 366              ._LINE  0, 87
CO 000000B0 9B000000                  I          367              LDI:20  #_IO_PORT2+156,R0
                                                 368   x          BOR     #0x2,@R0
CO 000000B4 9020                                       O  "BORL"
                                                 369              ._LINE  0, 88
                                                 370   x          BOR     #0x4,@R0
CO 000000B6 9040                                       O  "BORL"
                                                 371              ._LINE  0, 91
CO 000000B8 9B000000                  I          372              LDI:20  #_IO_PORTEN,R0
                                                 373   x          BOR     #0x1,@R0
CO 000000BC 9010                                       O  "BORL"
CO 000000BE                                      374      L_22:                           // Pred:
                                                          L_21
                                                 375              ._LINE  0, 91
                                                 376              ._CONFIG        E
                                                 377              ._LINE  0, 92
CO 000000BE 9F90                                 378              LEAVE
CO 000000C0 0781                                 379              LD      @SP+,RP
CO 000000C2 9720                                 380              RET
                                                 381              ._CONFIG        E
            ==                                   382              .end
_____________________________________________________________________________
FR Family SOFTUNE Assembler V60L09            2011-08-19 19:52:58   Page:  10
- SECTION LISTING - ( ports )

   NO SECTION-NAME                        SIZE   ATTRIBUTES

    0 CODE . . . . . . . . . . . . . .  000000C4 CODE    REL ALIGN=2
